<?xml version="1.0" encoding="UTF-8"?>
<testng-results skipped="0" failed="0" ignored="0" total="1" passed="1">
  <reporter-output>
  </reporter-output>
  <suite name="Surefire suite" duration-ms="28" started-at="2020-03-22T04:45:39Z" finished-at="2020-03-22T04:45:39Z">
    <groups>
    </groups>
    <test name="Surefire test" duration-ms="28" started-at="2020-03-22T04:45:39Z" finished-at="2020-03-22T04:45:39Z">
      <class name="ToolsQA.HelloTest">
        <test-method status="PASS" signature="myTest()[pri:0, instance:ToolsQA.HelloTest@3fb6a447]" name="myTest" duration-ms="4" started-at="2020-03-22T04:45:39Z" finished-at="2020-03-22T04:45:39Z">
          <reporter-output>
          </reporter-output>
        </test-method> <!-- myTest -->
      </class> <!-- ToolsQA.HelloTest -->
    </test> <!-- Surefire test -->
  </suite> <!-- Surefire suite -->
</testng-results>
