<?xml version="1.0" encoding="UTF-8"?>
<testng-results skipped="0" failed="0" ignored="0" total="2" passed="2">
  <reporter-output>
  </reporter-output>
  <suite name="Suite" duration-ms="6891" started-at="2020-03-26T18:03:22Z" finished-at="2020-03-26T18:03:29Z">
    <groups>
    </groups>
    <test name="Test" duration-ms="6891" started-at="2020-03-26T18:03:22Z" finished-at="2020-03-26T18:03:29Z">
      <class name="ToolsQA.HelloTest">
        <test-method status="PASS" signature="myTest()[pri:0, instance:ToolsQA.HelloTest@25b485ba]" name="myTest" duration-ms="10" started-at="2020-03-26T18:03:22Z" finished-at="2020-03-26T18:03:22Z">
          <reporter-output>
          </reporter-output>
        </test-method> <!-- myTest -->
      </class> <!-- ToolsQA.HelloTest -->
      <class name="ToolsQA.HomePage">
        <test-method status="PASS" signature="navigateToHome()[pri:0, instance:ToolsQA.HomePage@2b546384]" name="navigateToHome" duration-ms="6851" started-at="2020-03-26T18:03:22Z" finished-at="2020-03-26T18:03:29Z">
          <reporter-output>
          </reporter-output>
        </test-method> <!-- navigateToHome -->
      </class> <!-- ToolsQA.HomePage -->
    </test> <!-- Test -->
  </suite> <!-- Suite -->
</testng-results>
